logs/bbe81b4a-d1ef-48e8-b5f4-18f6df70eff1.txt
val_bpb:enabled tokenizer_kind=sentencepiece tokenizer_path=data/tokenizers/fineweb_1024_bpe.model
train_loader:dataset:fineweb10B_sp1024 train_shards:80
val_loader:shards pattern=data/datasets/fineweb10B_sp1024\fineweb_val_*.bin tokens:62021632
model_params:26829913
world_size:1 grad_accum_steps:8
sdp_backends:cudnn=False flash=True mem_efficient=False math=False
attention_mode:gqa num_heads:8 num_kv_heads:4
tie_embeddings:True embed_lr:0.05 head_lr:0.0 matrix_lr:0.04 scalar_lr:0.04
train_batch_tokens:8192 train_seq_len:1024 iterations:99999 warmup_steps:20 max_wallclock_seconds:600.000
seed:1337
Traceback (most recent call last):
  File "I:\Parameter-golf_submission\train_gpt.py", line 1467, in <module>
    main()
  File "I:\Parameter-golf_submission\train_gpt.py", line 1264, in main
    warmup_loss = model(x, y)
  File "H:\anatomical_classification\miniconda3\envs\dino\lib\site-packages\torch\nn\modules\module.py", line 1736, in _wrapped_call_impl
    return self._call_impl(*args, **kwargs)
  File "H:\anatomical_classification\miniconda3\envs\dino\lib\site-packages\torch\nn\modules\module.py", line 1747, in _call_impl
    return forward_call(*args, **kwargs)
  File "H:\anatomical_classification\miniconda3\envs\dino\lib\site-packages\torch\_dynamo\eval_frame.py", line 465, in _fn
    return fn(*args, **kwargs)
  File "H:\anatomical_classification\miniconda3\envs\dino\lib\site-packages\torch\nn\modules\module.py", line 1736, in _wrapped_call_impl
    return self._call_impl(*args, **kwargs)
  File "H:\anatomical_classification\miniconda3\envs\dino\lib\site-packages\torch\nn\modules\module.py", line 1747, in _call_impl
    return forward_call(*args, **kwargs)
  File "H:\anatomical_classification\miniconda3\envs\dino\lib\site-packages\torch\_dynamo\convert_frame.py", line 1269, in __call__
    return self._torchdynamo_orig_callable(
  File "H:\anatomical_classification\miniconda3\envs\dino\lib\site-packages\torch\_dynamo\convert_frame.py", line 526, in __call__
    return _compile(
  File "H:\anatomical_classification\miniconda3\envs\dino\lib\site-packages\torch\_dynamo\convert_frame.py", line 924, in _compile
    guarded_code = compile_inner(code, one_graph, hooks, transform)
  File "H:\anatomical_classification\miniconda3\envs\dino\lib\site-packages\torch\_dynamo\convert_frame.py", line 666, in compile_inner
    return _compile_inner(code, one_graph, hooks, transform)
  File "H:\anatomical_classification\miniconda3\envs\dino\lib\site-packages\torch\_utils_internal.py", line 87, in wrapper_function
    return function(*args, **kwargs)
  File "H:\anatomical_classification\miniconda3\envs\dino\lib\site-packages\torch\_dynamo\convert_frame.py", line 699, in _compile_inner
    out_code = transform_code_object(code, transform)
  File "H:\anatomical_classification\miniconda3\envs\dino\lib\site-packages\torch\_dynamo\bytecode_transformation.py", line 1322, in transform_code_object
    transformations(instructions, code_options)
  File "H:\anatomical_classification\miniconda3\envs\dino\lib\site-packages\torch\_dynamo\convert_frame.py", line 219, in _fn
    return fn(*args, **kwargs)
  File "H:\anatomical_classification\miniconda3\envs\dino\lib\site-packages\torch\_dynamo\convert_frame.py", line 634, in transform
    tracer.run()
  File "H:\anatomical_classification\miniconda3\envs\dino\lib\site-packages\torch\_dynamo\symbolic_convert.py", line 2796, in run
    super().run()
  File "H:\anatomical_classification\miniconda3\envs\dino\lib\site-packages\torch\_dynamo\symbolic_convert.py", line 983, in run
    while self.step():
  File "H:\anatomical_classification\miniconda3\envs\dino\lib\site-packages\torch\_dynamo\symbolic_convert.py", line 895, in step
    self.dispatch_table[inst.opcode](self, inst)
  File "H:\anatomical_classification\miniconda3\envs\dino\lib\site-packages\torch\_dynamo\symbolic_convert.py", line 582, in wrapper
    return inner_fn(self, inst)
  File "H:\anatomical_classification\miniconda3\envs\dino\lib\site-packages\torch\_dynamo\symbolic_convert.py", line 1602, in CALL_FUNCTION
    self.call_function(fn, args, {})
  File "H:\anatomical_classification\miniconda3\envs\dino\lib\site-packages\torch\_dynamo\symbolic_convert.py", line 830, in call_function
    self.push(fn.call_function(self, args, kwargs))  # type: ignore[arg-type]
  File "H:\anatomical_classification\miniconda3\envs\dino\lib\site-packages\torch\_dynamo\variables\lazy.py", line 156, in realize_and_forward
    return getattr(self.realize(), name)(*args, **kwargs)
  File "H:\anatomical_classification\miniconda3\envs\dino\lib\site-packages\torch\_dynamo\variables\nn_module.py", line 899, in call_function
    return variables.UserFunctionVariable(fn, source=source).call_function(
  File "H:\anatomical_classification\miniconda3\envs\dino\lib\site-packages\torch\_dynamo\variables\functions.py", line 324, in call_function
    return super().call_function(tx, args, kwargs)
  File "H:\anatomical_classification\miniconda3\envs\dino\lib\site-packages\torch\_dynamo\variables\functions.py", line 111, in call_function
    return tx.inline_user_function_return(self, [*self.self_args(), *args], kwargs)
  File "H:\anatomical_classification\miniconda3\envs\dino\lib\site-packages\torch\_dynamo\symbolic_convert.py", line 836, in inline_user_function_return
    return InliningInstructionTranslator.inline_call(self, fn, args, kwargs)
  File "H:\anatomical_classification\miniconda3\envs\dino\lib\site-packages\torch\_dynamo\symbolic_convert.py", line 3011, in inline_call
    return cls.inline_call_(parent, func, args, kwargs)
  File "H:\anatomical_classification\miniconda3\envs\dino\lib\site-packages\torch\_dynamo\symbolic_convert.py", line 3139, in inline_call_
    tracer.run()
  File "H:\anatomical_classification\miniconda3\envs\dino\lib\site-packages\torch\_dynamo\symbolic_convert.py", line 983, in run
    while self.step():
  File "H:\anatomical_classification\miniconda3\envs\dino\lib\site-packages\torch\_dynamo\symbolic_convert.py", line 895, in step
    self.dispatch_table[inst.opcode](self, inst)
  File "H:\anatomical_classification\miniconda3\envs\dino\lib\site-packages\torch\_dynamo\symbolic_convert.py", line 582, in wrapper
    return inner_fn(self, inst)
  File "H:\anatomical_classification\miniconda3\envs\dino\lib\site-packages\torch\_dynamo\symbolic_convert.py", line 1602, in CALL_FUNCTION
    self.call_function(fn, args, {})
  File "H:\anatomical_classification\miniconda3\envs\dino\lib\site-packages\torch\_dynamo\symbolic_convert.py", line 830, in call_function
    self.push(fn.call_function(self, args, kwargs))  # type: ignore[arg-type]
  File "H:\anatomical_classification\miniconda3\envs\dino\lib\site-packages\torch\_dynamo\variables\lazy.py", line 156, in realize_and_forward
    return getattr(self.realize(), name)(*args, **kwargs)
  File "H:\anatomical_classification\miniconda3\envs\dino\lib\site-packages\torch\_dynamo\variables\nn_module.py", line 899, in call_function
    return variables.UserFunctionVariable(fn, source=source).call_function(
  File "H:\anatomical_classification\miniconda3\envs\dino\lib\site-packages\torch\_dynamo\variables\functions.py", line 324, in call_function
    return super().call_function(tx, args, kwargs)
  File "H:\anatomical_classification\miniconda3\envs\dino\lib\site-packages\torch\_dynamo\variables\functions.py", line 111, in call_function
    return tx.inline_user_function_return(self, [*self.self_args(), *args], kwargs)
  File "H:\anatomical_classification\miniconda3\envs\dino\lib\site-packages\torch\_dynamo\symbolic_convert.py", line 836, in inline_user_function_return
    return InliningInstructionTranslator.inline_call(self, fn, args, kwargs)
  File "H:\anatomical_classification\miniconda3\envs\dino\lib\site-packages\torch\_dynamo\symbolic_convert.py", line 3011, in inline_call
    return cls.inline_call_(parent, func, args, kwargs)
  File "H:\anatomical_classification\miniconda3\envs\dino\lib\site-packages\torch\_dynamo\symbolic_convert.py", line 3139, in inline_call_
    tracer.run()
  File "H:\anatomical_classification\miniconda3\envs\dino\lib\site-packages\torch\_dynamo\symbolic_convert.py", line 983, in run
    while self.step():
  File "H:\anatomical_classification\miniconda3\envs\dino\lib\site-packages\torch\_dynamo\symbolic_convert.py", line 895, in step
    self.dispatch_table[inst.opcode](self, inst)
  File "H:\anatomical_classification\miniconda3\envs\dino\lib\site-packages\torch\_dynamo\symbolic_convert.py", line 582, in wrapper
    return inner_fn(self, inst)
  File "H:\anatomical_classification\miniconda3\envs\dino\lib\site-packages\torch\_dynamo\symbolic_convert.py", line 1602, in CALL_FUNCTION
    self.call_function(fn, args, {})
  File "H:\anatomical_classification\miniconda3\envs\dino\lib\site-packages\torch\_dynamo\symbolic_convert.py", line 830, in call_function
    self.push(fn.call_function(self, args, kwargs))  # type: ignore[arg-type]
  File "H:\anatomical_classification\miniconda3\envs\dino\lib\site-packages\torch\_dynamo\variables\functions.py", line 727, in call_function
    unimplemented(msg)
  File "H:\anatomical_classification\miniconda3\envs\dino\lib\site-packages\torch\_dynamo\exc.py", line 297, in unimplemented
    raise Unsupported(msg, case_name=case_name)
torch._dynamo.exc.Unsupported: 'skip function sdpa_kernel in file H:\anatomical_classification\miniconda3\envs\dino\lib\contextlib.py'

from user code:
   File "I:\Parameter-golf_submission\train_gpt.py", line 1015, in forward
    x = self.blocks[i](x, x0)
  File "I:\Parameter-golf_submission\train_gpt.py", line 936, in forward
    attn_out = self.attn(self.attn_norm(x))
  File "I:\Parameter-golf_submission\train_gpt.py", line 887, in forward
    with sdpa_kernel(SDPBackend.CUDNN_ATTENTION):

Set TORCH_LOGS="+dynamo" and TORCHDYNAMO_VERBOSE=1 for more information


You can suppress this exception and fall back to eager by setting:
    import torch._dynamo
    torch._dynamo.config.suppress_errors = True

