H:\anatomical_classification\miniconda3\Lib\site-packages\torch\autograd\graph.py:823: UserWarning: cuDNN SDPA backward got grad_output.strides() != output.strides(), attempting to materialize a grad_output with matching strides.Consider upgrading cuDNN v9.5.1+ to avoid this warning. (Triggered internally at C:\actions-runner\_work\pytorch\pytorch\pytorch\aten\src\ATen\native\cudnn\MHA.cpp:752.)
  return Variable._execution_engine.run_backward(  # Calls into the C++ engine to run the backward pass
logs/8dab5b75-4da8-48e4-ba3a-0c6d0ea3e62f.txt
val_bpb:enabled tokenizer_kind=sentencepiece tokenizer_path=smoke_stage0/data/tokenizers/fineweb_1024_bpe.model
train_loader:dataset:fineweb10B_sp1024 train_shards:1
val_loader:shards pattern=smoke_stage0/data/datasets/fineweb10B_sp1024\fineweb_val_*.bin tokens:65280
model_params:24613976
world_size:1 grad_accum_steps:8
sdp_backends:cudnn=False flash=True mem_efficient=False math=False
attention_mode:gqa num_heads:8 num_kv_heads:2
tie_embeddings:True embed_lr:0.05 head_lr:0.0 matrix_lr:0.04 scalar_lr:0.04
train_batch_tokens:8192 train_seq_len:256 iterations:40 warmup_steps:20 max_wallclock_seconds:180.000
seed:1337
warmup_step:1/20
warmup_step:2/20
warmup_step:3/20
warmup_step:4/20
warmup_step:5/20
warmup_step:6/20
warmup_step:7/20
warmup_step:8/20
warmup_step:9/20
warmup_step:10/20
warmup_step:11/20
warmup_step:12/20
warmup_step:13/20
warmup_step:14/20
warmup_step:15/20
warmup_step:16/20
warmup_step:17/20
warmup_step:18/20
warmup_step:19/20
warmup_step:20/20
step:0/40 val_loss:5.0711 val_bpb:3.2781 train_time:0ms step_avg:0.04ms
step:1/40 train_loss:5.0700 train_time:676ms step_avg:675.60ms
step:2/40 train_loss:15.0911 train_time:1347ms step_avg:673.25ms
step:3/40 train_loss:14.7197 train_time:2097ms step_avg:698.93ms
step:4/40 train_loss:13.6227 train_time:2687ms step_avg:671.82ms
step:5/40 train_loss:12.1347 train_time:3111ms step_avg:622.22ms
step:6/40 train_loss:10.2880 train_time:3758ms step_avg:626.40ms
step:7/40 train_loss:8.3545 train_time:4326ms step_avg:618.06ms
step:8/40 train_loss:6.8156 train_time:5061ms step_avg:632.61ms
step:9/40 train_loss:5.8394 train_time:5762ms step_avg:640.25ms
step:10/40 train_loss:5.3812 train_time:6385ms step_avg:638.52ms
step:10/40 val_loss:5.2242 val_bpb:3.3770 train_time:6386ms step_avg:638.57ms
step:15/40 train_loss:5.1026 train_time:9191ms step_avg:612.72ms
step:20/40 train_loss:5.0675 train_time:11729ms step_avg:586.47ms
step:20/40 val_loss:5.0737 val_bpb:3.2798 train_time:11730ms step_avg:586.50ms
step:25/40 train_loss:5.0611 train_time:14491ms step_avg:579.65ms
step:30/40 train_loss:5.0682 train_time:17087ms step_avg:569.56ms
step:30/40 val_loss:5.0704 val_bpb:3.2777 train_time:17087ms step_avg:569.58ms
step:35/40 train_loss:5.0667 train_time:19595ms step_avg:559.86ms
step:40/40 train_loss:5.0650 train_time:22208ms step_avg:555.19ms
step:40/40 val_loss:5.0570 val_bpb:3.2690 train_time:22208ms step_avg:555.21ms
peak memory allocated: 2370 MiB reserved: 3086 MiB
Serialized model: 98496996 bytes
Code size: 63958 bytes
Total submission size: 98560954 bytes
Serialized model int6+zstd22 (EMA): 11682565 bytes (payload:26199696 raw_torch:26246646 payload_ratio:3.76x)
Total submission size int6+zstd22: 11746523 bytes
final_int6_zstd22_roundtrip val_loss:5.0780 val_bpb:3.2825 eval_time:1407ms
final_int6_zstd22_roundtrip_exact val_loss:5.07795502 val_bpb:3.28248936
