H:\anatomical_classification\miniconda3\Lib\site-packages\torch\autograd\graph.py:823: UserWarning: cuDNN SDPA backward got grad_output.strides() != output.strides(), attempting to materialize a grad_output with matching strides.Consider upgrading cuDNN v9.5.1+ to avoid this warning. (Triggered internally at C:\actions-runner\_work\pytorch\pytorch\pytorch\aten\src\ATen\native\cudnn\MHA.cpp:752.)
  return Variable._execution_engine.run_backward(  # Calls into the C++ engine to run the backward pass
logs/42554f00-04a0-4268-8251-c37467267532.txt
val_bpb:enabled tokenizer_kind=sentencepiece tokenizer_path=smoke_stage0/data/tokenizers/fineweb_1024_bpe.model
train_loader:dataset:fineweb10B_sp1024 train_shards:1
val_loader:shards pattern=smoke_stage0/data/datasets/fineweb10B_sp1024\fineweb_val_*.bin tokens:65280
model_params:26055768
world_size:1 grad_accum_steps:8
sdp_backends:cudnn=False flash=True mem_efficient=False math=False
attention_mode:gqa num_heads:8 num_kv_heads:4
tie_embeddings:True embed_lr:0.05 head_lr:0.0 matrix_lr:0.04 scalar_lr:0.04
train_batch_tokens:8192 train_seq_len:256 iterations:40 warmup_steps:20 max_wallclock_seconds:180.000
seed:1337
warmup_step:1/20
warmup_step:2/20
warmup_step:3/20
warmup_step:4/20
warmup_step:5/20
warmup_step:6/20
warmup_step:7/20
warmup_step:8/20
warmup_step:9/20
warmup_step:10/20
warmup_step:11/20
warmup_step:12/20
warmup_step:13/20
warmup_step:14/20
warmup_step:15/20
warmup_step:16/20
warmup_step:17/20
warmup_step:18/20
warmup_step:19/20
warmup_step:20/20
step:0/40 val_loss:5.0709 val_bpb:3.2780 train_time:0ms step_avg:0.01ms
step:1/40 train_loss:5.0681 train_time:547ms step_avg:547.46ms
step:2/40 train_loss:14.9949 train_time:974ms step_avg:487.21ms
step:3/40 train_loss:14.5050 train_time:1538ms step_avg:512.60ms
step:4/40 train_loss:12.8727 train_time:2013ms step_avg:503.35ms
step:5/40 train_loss:10.8035 train_time:2451ms step_avg:490.15ms
step:6/40 train_loss:8.5747 train_time:2963ms step_avg:493.88ms
step:7/40 train_loss:6.7758 train_time:3490ms step_avg:498.52ms
step:8/40 train_loss:5.7375 train_time:3993ms step_avg:499.12ms
step:9/40 train_loss:5.3078 train_time:4555ms step_avg:506.12ms
step:10/40 train_loss:5.2163 train_time:5152ms step_avg:515.18ms
step:10/40 val_loss:5.1428 val_bpb:3.3244 train_time:5152ms step_avg:515.22ms
step:15/40 train_loss:5.1141 train_time:7599ms step_avg:506.57ms
step:20/40 train_loss:5.0760 train_time:9947ms step_avg:497.34ms
step:20/40 val_loss:5.0763 val_bpb:3.2815 train_time:9947ms step_avg:497.36ms
step:25/40 train_loss:5.0732 train_time:12136ms step_avg:485.45ms
step:30/40 train_loss:5.0696 train_time:14906ms step_avg:496.87ms
step:30/40 val_loss:5.0667 val_bpb:3.2753 train_time:14907ms step_avg:496.89ms
step:35/40 train_loss:5.0622 train_time:17940ms step_avg:512.58ms
step:40/40 train_loss:5.0514 train_time:20907ms step_avg:522.68ms
step:40/40 val_loss:5.0526 val_bpb:3.2662 train_time:20908ms step_avg:522.69ms
peak memory allocated: 2388 MiB reserved: 3252 MiB
Serialized model: 104264164 bytes
Code size: 63958 bytes
Total submission size: 104328122 bytes
Serialized model int6+zstd22 (EMA): 11536314 bytes (payload:26210960 raw_torch:26263818 payload_ratio:3.98x)
Total submission size int6+zstd22: 11600272 bytes
final_int6_zstd22_roundtrip val_loss:5.0842 val_bpb:3.2865 eval_time:1722ms
final_int6_zstd22_roundtrip_exact val_loss:5.08422335 val_bpb:3.28654133
