H:\anatomical_classification\miniconda3\Lib\site-packages\torch\autograd\graph.py:823: UserWarning: cuDNN SDPA backward got grad_output.strides() != output.strides(), attempting to materialize a grad_output with matching strides.Consider upgrading cuDNN v9.5.1+ to avoid this warning. (Triggered internally at C:\actions-runner\_work\pytorch\pytorch\pytorch\aten\src\ATen\native\cudnn\MHA.cpp:752.)
  return Variable._execution_engine.run_backward(  # Calls into the C++ engine to run the backward pass
logs/fca47021-dfdd-4d3b-8fdd-b55ae5899851.txt
val_bpb:enabled tokenizer_kind=sentencepiece tokenizer_path=data/tokenizers/fineweb_1024_bpe.model
train_loader:dataset:fineweb10B_sp1024 train_shards:80
val_loader:shards pattern=data/datasets/fineweb10B_sp1024\fineweb_val_*.bin tokens:62021632
model_params:26502232
world_size:1 grad_accum_steps:8
sdp_backends:cudnn=False flash=True mem_efficient=False math=False
attention_mode:gqa num_heads:8 num_kv_heads:4
tie_embeddings:True embed_lr:0.05 head_lr:0.0 matrix_lr:0.04 scalar_lr:0.04
train_batch_tokens:8192 train_seq_len:1024 iterations:99999 warmup_steps:20 max_wallclock_seconds:600.000
seed:1337
warmup_step:1/20
warmup_step:2/20
warmup_step:3/20
warmup_step:4/20
warmup_step:5/20
warmup_step:6/20
warmup_step:7/20
warmup_step:8/20
warmup_step:9/20
warmup_step:10/20
warmup_step:11/20
warmup_step:12/20
warmup_step:13/20
warmup_step:14/20
warmup_step:15/20
warmup_step:16/20
warmup_step:17/20
warmup_step:18/20
warmup_step:19/20
warmup_step:20/20
step:0/99999 val_loss:6.9294 val_bpb:4.1040 train_time:0ms step_avg:0.02ms
step:1/99999 train_loss:6.9344 train_time:425ms step_avg:424.78ms
step:2/99999 train_loss:13.6248 train_time:933ms step_avg:466.31ms
step:3/99999 train_loss:12.0277 train_time:1357ms step_avg:452.46ms
step:4/99999 train_loss:9.8356 train_time:1818ms step_avg:454.40ms
step:5/99999 train_loss:8.8894 train_time:2253ms step_avg:450.55ms
step:6/99999 train_loss:7.8089 train_time:2741ms step_avg:456.91ms
step:7/99999 train_loss:7.2266 train_time:3210ms step_avg:458.58ms
step:8/99999 train_loss:7.0983 train_time:3672ms step_avg:459.01ms
step:9/99999 train_loss:6.9639 train_time:4113ms step_avg:457.04ms
step:10/99999 train_loss:6.7224 train_time:4620ms step_avg:461.97ms
step:20/99999 train_loss:5.7083 train_time:9107ms step_avg:455.34ms
step:40/99999 train_loss:5.0149 train_time:18016ms step_avg:450.40ms
step:60/99999 train_loss:4.7207 train_time:26664ms step_avg:444.39ms
step:80/99999 train_loss:4.3826 train_time:34661ms step_avg:433.26ms
step:100/99999 train_loss:4.3977 train_time:42481ms step_avg:424.81ms
step:120/99999 train_loss:3.9699 train_time:50287ms step_avg:419.06ms
step:140/99999 train_loss:3.9513 train_time:58160ms step_avg:415.43ms
step:160/99999 train_loss:3.9315 train_time:66183ms step_avg:413.64ms
step:180/99999 train_loss:4.0069 train_time:74396ms step_avg:413.31ms
step:200/99999 train_loss:3.8000 train_time:84385ms step_avg:421.93ms
step:220/99999 train_loss:3.8272 train_time:94946ms step_avg:431.57ms
step:240/99999 train_loss:3.7275 train_time:106366ms step_avg:443.19ms
step:260/99999 train_loss:3.8984 train_time:116505ms step_avg:448.09ms
step:280/99999 train_loss:3.6771 train_time:125793ms step_avg:449.26ms
step:300/99999 train_loss:3.8337 train_time:135372ms step_avg:451.24ms
step:320/99999 train_loss:3.9079 train_time:146273ms step_avg:457.10ms
step:340/99999 train_loss:3.8698 train_time:162350ms step_avg:477.50ms
step:360/99999 train_loss:3.8595 train_time:177479ms step_avg:493.00ms
step:380/99999 train_loss:3.6995 train_time:191337ms step_avg:503.52ms
step:400/99999 train_loss:3.5688 train_time:202231ms step_avg:505.58ms
step:420/99999 train_loss:3.4695 train_time:213368ms step_avg:508.02ms
step:440/99999 train_loss:3.6293 train_time:223464ms step_avg:507.87ms
step:460/99999 train_loss:3.5500 train_time:235081ms step_avg:511.05ms
step:480/99999 train_loss:3.5759 train_time:243849ms step_avg:508.02ms
step:500/99999 train_loss:3.6233 train_time:253170ms step_avg:506.34ms
step:520/99999 train_loss:3.7244 train_time:263218ms step_avg:506.19ms
step:540/99999 train_loss:3.3816 train_time:272127ms step_avg:503.94ms
step:560/99999 train_loss:3.5255 train_time:281370ms step_avg:502.45ms
step:580/99999 train_loss:3.4111 train_time:290891ms step_avg:501.54ms
step:600/99999 train_loss:3.4400 train_time:299381ms step_avg:498.97ms
step:620/99999 train_loss:3.4380 train_time:307706ms step_avg:496.30ms
step:640/99999 train_loss:3.4682 train_time:318796ms step_avg:498.12ms
step:660/99999 train_loss:3.3121 train_time:328971ms step_avg:498.44ms
step:680/99999 train_loss:3.4126 train_time:338187ms step_avg:497.33ms
step:700/99999 train_loss:3.6442 train_time:349030ms step_avg:498.61ms
step:720/99999 train_loss:3.3964 train_time:357360ms step_avg:496.33ms
step:740/99999 train_loss:3.3707 train_time:365913ms step_avg:494.48ms
step:760/99999 train_loss:3.4222 train_time:374330ms step_avg:492.54ms
step:780/99999 train_loss:3.4769 train_time:382587ms step_avg:490.50ms
step:800/99999 train_loss:3.3479 train_time:390842ms step_avg:488.55ms
step:820/99999 train_loss:3.2132 train_time:399895ms step_avg:487.68ms
step:840/99999 train_loss:3.5377 train_time:410202ms step_avg:488.34ms
step:860/99999 train_loss:3.4581 train_time:420276ms step_avg:488.69ms
step:880/99999 train_loss:3.4475 train_time:431263ms step_avg:490.07ms
step:900/99999 train_loss:3.0982 train_time:441320ms step_avg:490.36ms
step:920/99999 train_loss:3.3365 train_time:450999ms step_avg:490.22ms
step:940/99999 train_loss:3.6082 train_time:459782ms step_avg:489.13ms
step:960/99999 train_loss:3.2632 train_time:469375ms step_avg:488.93ms
step:980/99999 train_loss:3.1708 train_time:479350ms step_avg:489.13ms
step:1000/99999 train_loss:3.2888 train_time:490536ms step_avg:490.54ms
step:1020/99999 train_loss:3.1513 train_time:499567ms step_avg:489.77ms
step:1040/99999 train_loss:3.2278 train_time:508573ms step_avg:489.01ms
step:1060/99999 train_loss:3.3678 train_time:518855ms step_avg:489.49ms
step:1080/99999 train_loss:3.6038 train_time:531390ms step_avg:492.03ms
step:1100/99999 train_loss:4.1381 train_time:543299ms step_avg:493.91ms
step:1120/99999 train_loss:4.2130 train_time:557359ms step_avg:497.64ms
step:1140/99999 train_loss:4.9883 train_time:569029ms step_avg:499.15ms
step:1160/99999 train_loss:5.5510 train_time:581995ms step_avg:501.72ms
step:1180/99999 train_loss:6.5944 train_time:592278ms step_avg:501.93ms
step:1196/99999 val_loss:7.3839 val_bpb:4.3732 train_time:600105ms step_avg:501.76ms
stopping_early: wallclock_cap train_time:600105ms step:1196/99999
peak memory allocated: 2411 MiB reserved: 3278 MiB
Serialized model: 106050020 bytes
Code size: 63958 bytes
Total submission size: 106113978 bytes
Serialized model int6+zstd22 (EMA): 16974055 bytes (payload:26659168 raw_torch:26712074 payload_ratio:3.98x)
Total submission size int6+zstd22: 17038013 bytes
final_int6_zstd22_roundtrip val_loss:4.5202 val_bpb:2.7160 eval_time:163664ms
final_int6_zstd22_roundtrip_exact val_loss:4.52022335 val_bpb:2.71598596
