H:\anatomical_classification\miniconda3\Lib\site-packages\torch\autograd\graph.py:823: UserWarning: cuDNN SDPA backward got grad_output.strides() != output.strides(), attempting to materialize a grad_output with matching strides.Consider upgrading cuDNN v9.5.1+ to avoid this warning. (Triggered internally at C:\actions-runner\_work\pytorch\pytorch\pytorch\aten\src\ATen\native\cudnn\MHA.cpp:752.)
  return Variable._execution_engine.run_backward(  # Calls into the C++ engine to run the backward pass
logs/bf1a80a8-77b0-414e-a378-5fbf4faf90c7.txt
val_bpb:enabled tokenizer_kind=sentencepiece tokenizer_path=smoke_stage0/data/tokenizers/fineweb_1024_bpe.model
train_loader:dataset:fineweb10B_sp1024 train_shards:1
val_loader:shards pattern=smoke_stage0/data/datasets/fineweb10B_sp1024\fineweb_val_*.bin tokens:65280
model_params:26055768
world_size:1 grad_accum_steps:8
sdp_backends:cudnn=False flash=True mem_efficient=False math=False
attention_mode:gqa num_heads:8 num_kv_heads:4
tie_embeddings:True embed_lr:0.05 head_lr:0.0 matrix_lr:0.04 scalar_lr:0.04
train_batch_tokens:8192 train_seq_len:256 iterations:40 warmup_steps:20 max_wallclock_seconds:180.000
seed:1337
warmup_step:1/20
warmup_step:2/20
warmup_step:3/20
warmup_step:4/20
warmup_step:5/20
warmup_step:6/20
warmup_step:7/20
warmup_step:8/20
warmup_step:9/20
warmup_step:10/20
warmup_step:11/20
warmup_step:12/20
warmup_step:13/20
warmup_step:14/20
warmup_step:15/20
warmup_step:16/20
warmup_step:17/20
warmup_step:18/20
warmup_step:19/20
warmup_step:20/20
step:0/40 val_loss:5.0709 val_bpb:3.2780 train_time:0ms step_avg:0.05ms
step:1/40 train_loss:5.0681 train_time:549ms step_avg:548.54ms
step:2/40 train_loss:14.9985 train_time:1179ms step_avg:589.40ms
step:3/40 train_loss:14.5062 train_time:1656ms step_avg:551.98ms
step:4/40 train_loss:13.1694 train_time:2392ms step_avg:597.91ms
step:5/40 train_loss:11.2403 train_time:2831ms step_avg:566.12ms
step:6/40 train_loss:9.2744 train_time:3458ms step_avg:576.38ms
step:7/40 train_loss:7.4311 train_time:3899ms step_avg:556.97ms
step:8/40 train_loss:6.1919 train_time:4569ms step_avg:571.07ms
step:9/40 train_loss:5.5034 train_time:5112ms step_avg:568.01ms
step:10/40 train_loss:5.2570 train_time:5796ms step_avg:579.59ms
step:10/40 val_loss:5.1755 val_bpb:3.3456 train_time:5797ms step_avg:579.66ms
step:15/40 train_loss:5.0904 train_time:8814ms step_avg:587.62ms
step:20/40 train_loss:5.0667 train_time:11635ms step_avg:581.74ms
step:20/40 val_loss:5.0807 val_bpb:3.2843 train_time:11636ms step_avg:581.78ms
step:25/40 train_loss:5.0557 train_time:14320ms step_avg:572.79ms
step:30/40 train_loss:5.0663 train_time:17039ms step_avg:567.97ms
step:30/40 val_loss:5.0598 val_bpb:3.2708 train_time:17040ms step_avg:567.99ms
step:35/40 train_loss:5.0538 train_time:19566ms step_avg:559.03ms
step:40/40 train_loss:5.0510 train_time:22139ms step_avg:553.47ms
step:40/40 val_loss:5.0508 val_bpb:3.2650 train_time:22139ms step_avg:553.49ms
peak memory allocated: 2388 MiB reserved: 3252 MiB
Serialized model: 104264164 bytes
Code size: 63958 bytes
Total submission size: 104328122 bytes
Serialized model int6+zstd22 (EMA): 11392873 bytes (payload:26210960 raw_torch:26263818 payload_ratio:3.98x)
Total submission size int6+zstd22: 11456831 bytes
final_int6_zstd22_roundtrip val_loss:5.0852 val_bpb:3.2872 eval_time:1419ms
final_int6_zstd22_roundtrip_exact val_loss:5.08522956 val_bpb:3.28719176
